
Showing logs for build [32mcb-kubecd-environment-pr-234-24-4jn46-1[0m stage [32mfrom-build-pack[0m and container [32mstep-credential-initializer-chnvj[0m
{"level":"info","ts":1590504500.0712366,"logger":"fallback-logger","caller":"logging/config.go:69","msg":"Fetch GitHub commit ID from kodata failed: open /var/run/ko/refs/heads/0.8.0-ns-support: no such file or directory"}
{"level":"info","ts":1590504500.072203,"logger":"fallback-logger","caller":"creds-init/main.go:40","msg":"Credentials initialized."}

Showing logs for build [32mcb-kubecd-environment-pr-234-24-4jn46-1[0m stage [32mfrom-build-pack[0m and container [32mstep-working-dir-initializer-zrsxd[0m
{"level":"info","ts":1590504500.906644,"logger":"fallback-logger","caller":"logging/config.go:69","msg":"Fetch GitHub commit ID from kodata failed: open /var/run/ko/HEAD: no such file or directory"}
{"level":"info","ts":1590504500.908672,"logger":"fallback-logger","caller":"bash/main.go:64","msg":"Successfully executed command \"sh -c mkdir -p /workspace/source\"; output "}

Showing logs for build [32mcb-kubecd-environment-pr-234-24-4jn46-1[0m stage [32mfrom-build-pack[0m and container [32mstep-place-tools[0m

Showing logs for build [32mcb-kubecd-environment-pr-234-24-4jn46-1[0m stage [32mfrom-build-pack[0m and container [32mstep-git-source-cb-kubecd-environment-pr-234-24-4jn46-7ln92[0m
{"level":"info","ts":1590504507.2158906,"logger":"fallback-logger","caller":"logging/config.go:69","msg":"Fetch GitHub commit ID from kodata failed: open /var/run/ko/refs/heads/0.8.0-ns-support: no such file or directory"}
{"level":"info","ts":1590504508.4711852,"logger":"fallback-logger","caller":"git/git.go:103","msg":"Successfully cloned https://github.com/cb-kubecd/environment-pr-234-24-gke-upgrade-staging.git @ master in path /workspace/source"}

Showing logs for build [32mcb-kubecd-environment-pr-234-24-4jn46-1[0m stage [32mfrom-build-pack[0m and container [32mstep-git-merge[0m
Using SHAs from PULL_REFS=master:f8bdec71de8895a2077e1c0abdc4cc0fa80e0473,1:b81c840089f8a02261c60d1b7fed7b1855af861d
DEBUG: LC_ALL=C JX_LOG_LEVEL=error git fetch origin --unshallow b81c840089f8a02261c60d1b7fed7b1855af861d: f8bdec71de8895a2077e1c0abdc4cc0fa80e0473:
DEBUG: ran git fetch --unshallow origin b81c840089f8a02261c60d1b7fed7b1855af861d: f8bdec71de8895a2077e1c0abdc4cc0fa80e0473: in 
DEBUG: JX_LOG_LEVEL=error LC_ALL=C git branch
DEBUG: LC_ALL=C JX_LOG_LEVEL=error git checkout master
DEBUG: ran git checkout master in 
DEBUG: LC_ALL=C JX_LOG_LEVEL=error git reset --hard f8bdec71de8895a2077e1c0abdc4cc0fa80e0473
DEBUG: ran git reset --hard f8bdec71de8895a2077e1c0abdc4cc0fa80e0473 in 
DEBUG: LC_ALL=C JX_LOG_LEVEL=error git clean -fd .
DEBUG: ran clean --force -d . in 
DEBUG: JX_LOG_LEVEL=error LC_ALL=C git merge b81c840089f8a02261c60d1b7fed7b1855af861d
DEBUG: ran git merge b81c840089f8a02261c60d1b7fed7b1855af861d in 
DEBUG: LC_ALL=C JX_LOG_LEVEL=error git log --format=%H%x1f%an%x1f%ae%x1f%cn%x1f%ce%x1f%s%n%b%x1e f8bdec71de8895a2077e1c0abdc4cc0fa80e0473..HEAD
Merged SHA b81c840089f8a02261c60d1b7fed7b1855af861d with commit message 'chore: Promote bdd-spring-1590504112 to version 0.0.1' into base branch master

Showing logs for build [32mcb-kubecd-environment-pr-234-24-4jn46-1[0m stage [32mfrom-build-pack[0m and container [32mstep-build-helm-build[0m
WARNING: No $CHART_REPOSITORY defined so using the default value of: http://jenkins-x-chartmuseum:8080
Adding missing Helm repo: storage.googleapis.com https://storage.googleapis.com/chartmuseum.jenkins-x.io
WARNING: No secrets found on "helm/repos" due: reading the secret "helm/repos" from vault: no secret "helm/repos" not found in vault
Read credentials for https://storage.googleapis.com/chartmuseum.jenkins-x.io from vault helm/repos
Successfully added Helm repository storage.googleapis.com.
Adding missing Helm repo: jenkins-x-chartmuseum http://jenkins-x-chartmuseum:8080
WARNING: No secrets found on "helm/repos" due: reading the secret "helm/repos" from vault: no secret "helm/repos" not found in vault
Read credentials for http://jenkins-x-chartmuseum:8080 from vault helm/repos
Successfully added Helm repository jenkins-x-chartmuseum.
WARNING: No $CHART_REPOSITORY defined so using the default value of: http://jenkins-x-chartmuseum:8080
Adding missing Helm repo: chartmuseum.jenkins-x.io http://chartmuseum.jenkins-x.io
WARNING: No secrets found on "helm/repos" due: reading the secret "helm/repos" from vault: no secret "helm/repos" not found in vault
Read credentials for http://chartmuseum.jenkins-x.io from vault helm/repos
Successfully added Helm repository chartmuseum.jenkins-x.io.
